Determining if the pthread_create exist failed with the following output:
Change Dir: /home/adarsh/chess_challenge/build/stockfish/CMakeFiles/CMakeTmp

Run Build Command:"/usr/bin/make" "cmTC_36ec9/fast"
/usr/bin/make -f CMakeFiles/cmTC_36ec9.dir/build.make CMakeFiles/cmTC_36ec9.dir/build
make[1]: Entering directory '/home/adarsh/chess_challenge/build/stockfish/CMakeFiles/CMakeTmp'
Building C object CMakeFiles/cmTC_36ec9.dir/CheckSymbolExists.c.o
/usr/bin/cc    -o CMakeFiles/cmTC_36ec9.dir/CheckSymbolExists.c.o   -c /home/adarsh/chess_challenge/build/stockfish/CMakeFiles/CMakeTmp/CheckSymbolExists.c
Linking C executable cmTC_36ec9
/usr/bin/cmake -E cmake_link_script CMakeFiles/cmTC_36ec9.dir/link.txt --verbose=1
/usr/bin/cc      -rdynamic CMakeFiles/cmTC_36ec9.dir/CheckSymbolExists.c.o  -o cmTC_36ec9 
CMakeFiles/cmTC_36ec9.dir/CheckSymbolExists.c.o: In function `main':
CheckSymbolExists.c:(.text+0x1b): undefined reference to `pthread_create'
collect2: error: ld returned 1 exit status
CMakeFiles/cmTC_36ec9.dir/build.make:97: recipe for target 'cmTC_36ec9' failed
make[1]: *** [cmTC_36ec9] Error 1
make[1]: Leaving directory '/home/adarsh/chess_challenge/build/stockfish/CMakeFiles/CMakeTmp'
Makefile:126: recipe for target 'cmTC_36ec9/fast' failed
make: *** [cmTC_36ec9/fast] Error 2

File /home/adarsh/chess_challenge/build/stockfish/CMakeFiles/CMakeTmp/CheckSymbolExists.c:
/* */
#include <pthread.h>

int main(int argc, char** argv)
{
  (void)argv;
#ifndef pthread_create
  return ((int*)(&pthread_create))[argc];
#else
  (void)argc;
  return 0;
#endif
}

Determining if the function pthread_create exists in the pthreads failed with the following output:
Change Dir: /home/adarsh/chess_challenge/build/stockfish/CMakeFiles/CMakeTmp

Run Build Command:"/usr/bin/make" "cmTC_4a51d/fast"
/usr/bin/make -f CMakeFiles/cmTC_4a51d.dir/build.make CMakeFiles/cmTC_4a51d.dir/build
make[1]: Entering directory '/home/adarsh/chess_challenge/build/stockfish/CMakeFiles/CMakeTmp'
Building C object CMakeFiles/cmTC_4a51d.dir/CheckFunctionExists.c.o
/usr/bin/cc   -DCHECK_FUNCTION_EXISTS=pthread_create   -o CMakeFiles/cmTC_4a51d.dir/CheckFunctionExists.c.o   -c /usr/share/cmake-3.10/Modules/CheckFunctionExists.c
Linking C executable cmTC_4a51d
/usr/bin/cmake -E cmake_link_script CMakeFiles/cmTC_4a51d.dir/link.txt --verbose=1
/usr/bin/cc  -DCHECK_FUNCTION_EXISTS=pthread_create    -rdynamic CMakeFiles/cmTC_4a51d.dir/CheckFunctionExists.c.o  -o cmTC_4a51d -lpthreads 
/usr/bin/ld: cannot find -lpthreads
collect2: error: ld returned 1 exit status
CMakeFiles/cmTC_4a51d.dir/build.make:97: recipe for target 'cmTC_4a51d' failed
make[1]: *** [cmTC_4a51d] Error 1
make[1]: Leaving directory '/home/adarsh/chess_challenge/build/stockfish/CMakeFiles/CMakeTmp'
Makefile:126: recipe for target 'cmTC_4a51d/fast' failed
make: *** [cmTC_4a51d/fast] Error 2


