make[3]: warning: jobserver unavailable: using -j1.  Add '+' to parent make rule.
make[3]: warning: jobserver unavailable: using -j1.  Add '+' to parent make rule.
Default net: nn-62ef826d1a6d.nnue
Downloading https://tests.stockfishchess.org/api/nn/nn-62ef826d1a6d.nnue

Config:
debug: 'no'
sanitize: 'no'
optimize: 'yes'
arch: 'x86_64'
bits: '64'
kernel: 'Linux'
os: 'GNU/Linux'
prefetch: 'yes'
popcnt: 'yes'
pext: 'no'
sse: 'yes'
mmx: 'no'
sse2: 'yes'
ssse3: 'yes'
sse41: 'yes'
avx2: 'no'
avx512: 'no'
vnni256: 'no'
vnni512: 'no'
neon: 'no'

Flags:
CXX: g++
CXXFLAGS: -Wall -Wcast-qual -fno-exceptions -std=c++17  -pedantic -Wextra -Wshadow -m64 -DUSE_PTHREADS -DNDEBUG -O3 -DIS_64BIT -msse -msse3 -mpopcnt -DUSE_POPCNT -DUSE_SSE41 -msse4.1 -DUSE_SSSE3 -mssse3 -DUSE_SSE2 -msse2 -flto
LDFLAGS:  -m64 -Wl,--no-as-needed -lpthread -Wall -Wcast-qual -fno-exceptions -std=c++17  -pedantic -Wextra -Wshadow -m64 -DUSE_PTHREADS -DNDEBUG -O3 -DIS_64BIT -msse -msse3 -mpopcnt -DUSE_POPCNT -DUSE_SSE41 -msse4.1 -DUSE_SSSE3 -mssse3 -DUSE_SSE2 -msse2 -flto -flto=jobserver

Testing config sanity. If this fails, try 'make help' ...

Built target stockfish
