Determining if the pthread_create exist failed with the following output:
Change Dir: /home/adarsh/chess_challenge/build/chess/CMakeFiles/CMakeTmp

Run Build Command:"/usr/bin/make" "cmTC_ac4a1/fast"
/usr/bin/make -f CMakeFiles/cmTC_ac4a1.dir/build.make CMakeFiles/cmTC_ac4a1.dir/build
make[1]: Entering directory '/home/adarsh/chess_challenge/build/chess/CMakeFiles/CMakeTmp'
Building C object CMakeFiles/cmTC_ac4a1.dir/CheckSymbolExists.c.o
/usr/bin/cc    -o CMakeFiles/cmTC_ac4a1.dir/CheckSymbolExists.c.o   -c /home/adarsh/chess_challenge/build/chess/CMakeFiles/CMakeTmp/CheckSymbolExists.c
Linking C executable cmTC_ac4a1
/usr/bin/cmake -E cmake_link_script CMakeFiles/cmTC_ac4a1.dir/link.txt --verbose=1
/usr/bin/cc      -rdynamic CMakeFiles/cmTC_ac4a1.dir/CheckSymbolExists.c.o  -o cmTC_ac4a1 
CMakeFiles/cmTC_ac4a1.dir/CheckSymbolExists.c.o: In function `main':
CheckSymbolExists.c:(.text+0x1b): undefined reference to `pthread_create'
collect2: error: ld returned 1 exit status
CMakeFiles/cmTC_ac4a1.dir/build.make:97: recipe for target 'cmTC_ac4a1' failed
make[1]: *** [cmTC_ac4a1] Error 1
make[1]: Leaving directory '/home/adarsh/chess_challenge/build/chess/CMakeFiles/CMakeTmp'
Makefile:126: recipe for target 'cmTC_ac4a1/fast' failed
make: *** [cmTC_ac4a1/fast] Error 2

File /home/adarsh/chess_challenge/build/chess/CMakeFiles/CMakeTmp/CheckSymbolExists.c:
/* */
#include <pthread.h>

int main(int argc, char** argv)
{
  (void)argv;
#ifndef pthread_create
  return ((int*)(&pthread_create))[argc];
#else
  (void)argc;
  return 0;
#endif
}

Determining if the function pthread_create exists in the pthreads failed with the following output:
Change Dir: /home/adarsh/chess_challenge/build/chess/CMakeFiles/CMakeTmp

Run Build Command:"/usr/bin/make" "cmTC_e58ca/fast"
/usr/bin/make -f CMakeFiles/cmTC_e58ca.dir/build.make CMakeFiles/cmTC_e58ca.dir/build
make[1]: Entering directory '/home/adarsh/chess_challenge/build/chess/CMakeFiles/CMakeTmp'
Building C object CMakeFiles/cmTC_e58ca.dir/CheckFunctionExists.c.o
/usr/bin/cc   -DCHECK_FUNCTION_EXISTS=pthread_create   -o CMakeFiles/cmTC_e58ca.dir/CheckFunctionExists.c.o   -c /usr/share/cmake-3.10/Modules/CheckFunctionExists.c
Linking C executable cmTC_e58ca
/usr/bin/cmake -E cmake_link_script CMakeFiles/cmTC_e58ca.dir/link.txt --verbose=1
/usr/bin/cc  -DCHECK_FUNCTION_EXISTS=pthread_create    -rdynamic CMakeFiles/cmTC_e58ca.dir/CheckFunctionExists.c.o  -o cmTC_e58ca -lpthreads 
/usr/bin/ld: cannot find -lpthreads
collect2: error: ld returned 1 exit status
CMakeFiles/cmTC_e58ca.dir/build.make:97: recipe for target 'cmTC_e58ca' failed
make[1]: *** [cmTC_e58ca] Error 1
make[1]: Leaving directory '/home/adarsh/chess_challenge/build/chess/CMakeFiles/CMakeTmp'
Makefile:126: recipe for target 'cmTC_e58ca/fast' failed
make: *** [cmTC_e58ca/fast] Error 2


