Symlinking /home/adarsh/chess_challenge/devel/include/chess/Player.h
Symlinking /home/adarsh/chess_challenge/devel/include/chess/Move.h
Symlinking /home/adarsh/chess_challenge/devel/include/chess/Chessboard.h
Symlinking /home/adarsh/chess_challenge/devel/include/chess/Chesspiece.h
Symlinking /home/adarsh/chess_challenge/devel/lib/python2.7/dist-packages/chess/__init__.py
Symlinking /home/adarsh/chess_challenge/devel/lib/python2.7/dist-packages/chess/msg/__init__.py
Symlinking /home/adarsh/chess_challenge/devel/lib/python2.7/dist-packages/chess/msg/_Chesspiece.py
Symlinking /home/adarsh/chess_challenge/devel/lib/python2.7/dist-packages/chess/msg/_Move.py
Symlinking /home/adarsh/chess_challenge/devel/lib/python2.7/dist-packages/chess/msg/_Player.py
Symlinking /home/adarsh/chess_challenge/devel/lib/python2.7/dist-packages/chess/msg/_Chessboard.py
Symlinking /home/adarsh/chess_challenge/devel/lib/pkgconfig/chess.pc
Symlinking /home/adarsh/chess_challenge/devel/share/roseus/ros/chess/manifest.l
Symlinking /home/adarsh/chess_challenge/devel/share/roseus/ros/chess/msg/Chesspiece.l
Symlinking /home/adarsh/chess_challenge/devel/share/roseus/ros/chess/msg/Move.l
Symlinking /home/adarsh/chess_challenge/devel/share/roseus/ros/chess/msg/Player.l
Symlinking /home/adarsh/chess_challenge/devel/share/roseus/ros/chess/msg/Chessboard.l
Symlinking /home/adarsh/chess_challenge/devel/share/common-lisp/ros/chess/msg/_package_Move.lisp
Symlinking /home/adarsh/chess_challenge/devel/share/common-lisp/ros/chess/msg/_package_Chesspiece.lisp
Symlinking /home/adarsh/chess_challenge/devel/share/common-lisp/ros/chess/msg/Chesspiece.lisp
Symlinking /home/adarsh/chess_challenge/devel/share/common-lisp/ros/chess/msg/_package.lisp
Symlinking /home/adarsh/chess_challenge/devel/share/common-lisp/ros/chess/msg/Player.lisp
Symlinking /home/adarsh/chess_challenge/devel/share/common-lisp/ros/chess/msg/_package_Chessboard.lisp
Symlinking /home/adarsh/chess_challenge/devel/share/common-lisp/ros/chess/msg/Chessboard.lisp
Symlinking /home/adarsh/chess_challenge/devel/share/common-lisp/ros/chess/msg/Move.lisp
Symlinking /home/adarsh/chess_challenge/devel/share/common-lisp/ros/chess/msg/chess-msg.asd
Symlinking /home/adarsh/chess_challenge/devel/share/common-lisp/ros/chess/msg/_package_Player.lisp
Symlinking /home/adarsh/chess_challenge/devel/share/gennodejs/ros/chess/_index.js
Symlinking /home/adarsh/chess_challenge/devel/share/gennodejs/ros/chess/msg/Move.js
Symlinking /home/adarsh/chess_challenge/devel/share/gennodejs/ros/chess/msg/Player.js
Symlinking /home/adarsh/chess_challenge/devel/share/gennodejs/ros/chess/msg/Chesspiece.js
Symlinking /home/adarsh/chess_challenge/devel/share/gennodejs/ros/chess/msg/Chessboard.js
Symlinking /home/adarsh/chess_challenge/devel/share/gennodejs/ros/chess/msg/_index.js
Symlinking /home/adarsh/chess_challenge/devel/share/chess/cmake/chessConfig.cmake
Symlinking /home/adarsh/chess_challenge/devel/share/chess/cmake/chess-msg-paths.cmake
Symlinking /home/adarsh/chess_challenge/devel/share/chess/cmake/chessConfig-version.cmake
Symlinking /home/adarsh/chess_challenge/devel/share/chess/cmake/chess-msg-extras.cmake
