[35m[1mScanning dependencies of target _chess_generate_messages_check_deps_Move[0m
[35m[1mScanning dependencies of target _chess_generate_messages_check_deps_Chessboard[0m
[35m[1mScanning dependencies of target _chess_generate_messages_check_deps_Player[0m
[35m[1mScanning dependencies of target _chess_generate_messages_check_deps_Chesspiece[0m
[  0%] Built target _chess_generate_messages_check_deps_Chessboard
[  0%] Built target _chess_generate_messages_check_deps_Move
[  0%] Built target _chess_generate_messages_check_deps_Player
[  0%] Built target _chess_generate_messages_check_deps_Chesspiece
[35m[1mScanning dependencies of target chess_generate_messages_py[0m
[35m[1mScanning dependencies of target chess_generate_messages_cpp[0m
[  4%] [34m[1mGenerating Python from MSG chess/Player[0m
[35m[1mScanning dependencies of target chess_generate_messages_nodejs[0m
[35m[1mScanning dependencies of target chess_generate_messages_lisp[0m
[  9%] [34m[1mGenerating C++ code from chess/Player.msg[0m
[ 13%] [34m[1mGenerating Lisp code from chess/Player.msg[0m
[ 18%] [34m[1mGenerating Javascript code from chess/Player.msg[0m
[ 22%] [34m[1mGenerating Javascript code from chess/Chessboard.msg[0m
[ 27%] [34m[1mGenerating Lisp code from chess/Chessboard.msg[0m
[ 31%] [34m[1mGenerating Python from MSG chess/Chessboard[0m
[ 36%] [34m[1mGenerating Javascript code from chess/Move.msg[0m
[ 40%] [34m[1mGenerating Lisp code from chess/Move.msg[0m
[ 45%] [34m[1mGenerating Javascript code from chess/Chesspiece.msg[0m
[ 50%] [34m[1mGenerating Python from MSG chess/Move[0m
[ 54%] [34m[1mGenerating Lisp code from chess/Chesspiece.msg[0m
[ 54%] Built target chess_generate_messages_nodejs
[ 54%] Built target chess_generate_messages_lisp
[35m[1mScanning dependencies of target chess_generate_messages_eus[0m
[ 59%] [34m[1mGenerating C++ code from chess/Chessboard.msg[0m
[ 63%] [34m[1mGenerating EusLisp code from chess/Player.msg[0m
[ 68%] [34m[1mGenerating C++ code from chess/Move.msg[0m
[ 72%] [34m[1mGenerating Python from MSG chess/Chesspiece[0m
[ 77%] [34m[1mGenerating Python msg __init__.py for chess[0m
[ 81%] [34m[1mGenerating EusLisp code from chess/Chessboard.msg[0m
[ 86%] [34m[1mGenerating C++ code from chess/Chesspiece.msg[0m
[ 90%] [34m[1mGenerating EusLisp code from chess/Move.msg[0m
[ 95%] [34m[1mGenerating EusLisp code from chess/Chesspiece.msg[0m
[100%] [34m[1mGenerating EusLisp manifest code for chess[0m
[100%] Built target chess_generate_messages_py
[100%] Built target chess_generate_messages_cpp
[100%] Built target chess_generate_messages_eus
[35m[1mScanning dependencies of target chess_generate_messages[0m
[100%] Built target chess_generate_messages
